# JRE version: OpenJDK Runtime Environment Temurin-17.0.10+7 (17.0.10+7) (build 17.0.10+7)
# Java VM: OpenJDK 64-Bit Server VM Temurin-17.0.10+7 (17.0.10+7, mixed mode, tiered, compressed oops, compressed class ptrs, parallel gc, windows-amd64)
GC Precious Log:
 CPUs: 2 total, 2 available
 Memory: 1851M
 Large Page Support: Disabled
 NUMA Support: Disabled
 Compressed Oops: Enabled (32-bit)
 Alignments: Space 512K, Generation 512K, Heap 2M
 Heap Min Capacity: 100M
 Heap Initial Capacity: 100M
 Heap Max Capacity: 1G
 Pre-touch: Disabled
 Parallel Workers: 2
Heap:
 PSYoungGen      total 26112K, used 2055K [0x00000000eab00000, 0x00000000eed00000, 0x0000000100000000)
  eden space 24064K, 0% used [0x00000000eab00000,0x00000000eab03f68,0x00000000ec280000)
  from space 2048K, 99% used [0x00000000ed080000,0x00000000ed27de90,0x00000000ed280000)
  to   space 14336K, 0% used [0x00000000ec280000,0x00000000ec280000,0x00000000ed080000)
 ParOldGen       total 556032K, used 454380K [0x00000000c0000000, 0x00000000e1f00000, 0x00000000eab00000)
  object space 556032K, 81% used [0x00000000c0000000,0x00000000dbbbb2b0,0x00000000e1f00000)
 Metaspace       used 98153K, committed 99648K, reserved 1179648K
  class space    used 10062K, committed 10752K, reserved 1048576K
GC Heap History (20 events):
Event: 1370.515 GC heap before
{Heap before GC invocations=804 (full 33):
 PSYoungGen      total 36352K, used 25753K [0x00000000eab00000, 0x00000000ed500000, 0x0000000100000000)
  eden space 29696K, 64% used [0x00000000eab00000,0x00000000ebdcb4b0,0x00000000ec800000)
  from space 6656K, 97% used [0x00000000ece80000,0x00000000ed4db000,0x00000000ed500000)
  to   space 6656K, 0% used [0x00000000ec800000,0x00000000ec800000,0x00000000ece80000)
 ParOldGen       total 556032K, used 378466K [0x00000000c0000000, 0x00000000e1f00000, 0x00000000eab00000)
  object space 556032K, 68% used [0x00000000c0000000,0x00000000d7198860,0x00000000e1f00000)
 Metaspace       used 98001K, committed 99520K, reserved 1179648K
  class space    used 10059K, committed 10752K, reserved 1048576K
}
Event: 1370.572 GC heap after
{Heap after GC invocations=804 (full 33):
 PSYoungGen      total 36352K, used 6476K [0x00000000eab00000, 0x00000000ed900000, 0x0000000100000000)
  eden space 29696K, 0% used [0x00000000eab00000,0x00000000eab00000,0x00000000ec800000)
  from space 6656K, 97% used [0x00000000ec800000,0x00000000ece530c8,0x00000000ece80000)
  to   space 6656K, 0% used [0x00000000ed280000,0x00000000ed280000,0x00000000ed900000)
 ParOldGen       total 556032K, used 397666K [0x00000000c0000000, 0x00000000e1f00000, 0x00000000eab00000)
  object space 556032K, 71% used [0x00000000c0000000,0x00000000d8458880,0x00000000e1f00000)
 Metaspace       used 98001K, committed 99520K, reserved 1179648K
  class space    used 10059K, committed 10752K, reserved 1048576K
}
Event: 1370.749 GC heap before
{Heap before GC invocations=805 (full 33):
 PSYoungGen      total 36352K, used 36172K [0x00000000eab00000, 0x00000000ed900000, 0x0000000100000000)
  eden space 29696K, 100% used [0x00000000eab00000,0x00000000ec800000,0x00000000ec800000)
  from space 6656K, 97% used [0x00000000ec800000,0x00000000ece530c8,0x00000000ece80000)
  to   space 6656K, 0% used [0x00000000ed280000,0x00000000ed280000,0x00000000ed900000)
 ParOldGen       total 556032K, used 397666K [0x00000000c0000000, 0x00000000e1f00000, 0x00000000eab00000)
  object space 556032K, 71% used [0x00000000c0000000,0x00000000d8458880,0x00000000e1f00000)
 Metaspace       used 98004K, committed 99520K, reserved 1179648K
  class space    used 10059K, committed 10752K, reserved 1048576K
}
Event: 1370.777 GC heap after
{Heap after GC invocations=805 (full 33):
 PSYoungGen      total 37376K, used 3225K [0x00000000eab00000, 0x00000000ed600000, 0x0000000100000000)
  eden space 33792K, 0% used [0x00000000eab00000,0x00000000eab00000,0x00000000ecc00000)
  from space 3584K, 89% used [0x00000000ed280000,0x00000000ed5a6410,0x00000000ed600000)
  to   space 4608K, 0% used [0x00000000ecd00000,0x00000000ecd00000,0x00000000ed180000)
 ParOldGen       total 556032K, used 402131K [0x00000000c0000000, 0x00000000e1f00000, 0x00000000eab00000)
  object space 556032K, 72% used [0x00000000c0000000,0x00000000d88b4fb8,0x00000000e1f00000)
 Metaspace       used 98004K, committed 99520K, reserved 1179648K
  class space    used 10059K, committed 10752K, reserved 1048576K
}
Event: 1371.241 GC heap before
{Heap before GC invocations=806 (full 33):
 PSYoungGen      total 37376K, used 37017K [0x00000000eab00000, 0x00000000ed600000, 0x0000000100000000)
  eden space 33792K, 100% used [0x00000000eab00000,0x00000000ecc00000,0x00000000ecc00000)
  from space 3584K, 89% used [0x00000000ed280000,0x00000000ed5a6410,0x00000000ed600000)
  to   space 4608K, 0% used [0x00000000ecd00000,0x00000000ecd00000,0x00000000ed180000)
 ParOldGen       total 556032K, used 402131K [0x00000000c0000000, 0x00000000e1f00000, 0x00000000eab00000)
  object space 556032K, 72% used [0x00000000c0000000,0x00000000d88b4fb8,0x00000000e1f00000)
 Metaspace       used 98035K, committed 99520K, reserved 1179648K
  class space    used 10062K, committed 10752K, reserved 1048576K
}
Event: 1371.302 GC heap after
{Heap after GC invocations=806 (full 33):
 PSYoungGen      total 38400K, used 4580K [0x00000000eab00000, 0x00000000ed600000, 0x0000000100000000)
  eden space 33792K, 0% used [0x00000000eab00000,0x00000000eab00000,0x00000000ecc00000)
  from space 4608K, 99% used [0x00000000ecd00000,0x00000000ed179210,0x00000000ed180000)
  to   space 3584K, 0% used [0x00000000ed280000,0x00000000ed280000,0x00000000ed600000)
 ParOldGen       total 556032K, used 412305K [0x00000000c0000000, 0x00000000e1f00000, 0x00000000eab00000)
  object space 556032K, 74% used [0x00000000c0000000,0x00000000d92a47f8,0x00000000e1f00000)
 Metaspace       used 98035K, committed 99520K, reserved 1179648K
  class space    used 10062K, committed 10752K, reserved 1048576K
}
Event: 1382.071 GC heap before
{Heap before GC invocations=807 (full 33):
 PSYoungGen      total 38400K, used 38372K [0x00000000eab00000, 0x00000000ed600000, 0x0000000100000000)
  eden space 33792K, 100% used [0x00000000eab00000,0x00000000ecc00000,0x00000000ecc00000)
  from space 4608K, 99% used [0x00000000ecd00000,0x00000000ed179210,0x00000000ed180000)
  to   space 3584K, 0% used [0x00000000ed280000,0x00000000ed280000,0x00000000ed600000)
 ParOldGen       total 556032K, used 412305K [0x00000000c0000000, 0x00000000e1f00000, 0x00000000eab00000)
  object space 556032K, 74% used [0x00000000c0000000,0x00000000d92a47f8,0x00000000e1f00000)
 Metaspace       used 98072K, committed 99584K, reserved 1179648K
  class space    used 10062K, committed 10752K, reserved 1048576K
}
Event: 1382.103 GC heap after
{Heap after GC invocations=807 (full 33):
 PSYoungGen      total 37376K, used 1444K [0x00000000eab00000, 0x00000000edd00000, 0x0000000100000000)
  eden space 33792K, 0% used [0x00000000eab00000,0x00000000eab00000,0x00000000ecc00000)
  from space 3584K, 40% used [0x00000000ed280000,0x00000000ed3e9250,0x00000000ed600000)
  to   space 6656K, 0% used [0x00000000ecc00000,0x00000000ecc00000,0x00000000ed280000)
 ParOldGen       total 556032K, used 416785K [0x00000000c0000000, 0x00000000e1f00000, 0x00000000eab00000)
  object space 556032K, 74% used [0x00000000c0000000,0x00000000d97046d8,0x00000000e1f00000)
 Metaspace       used 98072K, committed 99584K, reserved 1179648K
  class space    used 10062K, committed 10752K, reserved 1048576K
}
Event: 1382.380 GC heap before
{Heap before GC invocations=808 (full 33):
 PSYoungGen      total 37376K, used 29539K [0x00000000eab00000, 0x00000000edd00000, 0x0000000100000000)
  eden space 33792K, 83% used [0x00000000eab00000,0x00000000ec66fbb0,0x00000000ecc00000)
  from space 3584K, 40% used [0x00000000ed280000,0x00000000ed3e9250,0x00000000ed600000)
  to   space 6656K, 0% used [0x00000000ecc00000,0x00000000ecc00000,0x00000000ed280000)
 ParOldGen       total 556032K, used 416785K [0x00000000c0000000, 0x00000000e1f00000, 0x00000000eab00000)
  object space 556032K, 74% used [0x00000000c0000000,0x00000000d97046d8,0x00000000e1f00000)
 Metaspace       used 98077K, committed 99584K, reserved 1179648K
  class space    used 10062K, committed 10752K, reserved 1048576K
}
Event: 1382.455 GC heap after
{Heap after GC invocations=808 (full 33):
 PSYoungGen      total 40448K, used 2849K [0x00000000eab00000, 0x00000000ed700000, 0x0000000100000000)
  eden space 33792K, 0% used [0x00000000eab00000,0x00000000eab00000,0x00000000ecc00000)
  from space 6656K, 42% used [0x00000000ecc00000,0x00000000ecec8600,0x00000000ed280000)
  to   space 3584K, 0% used [0x00000000ed380000,0x00000000ed380000,0x00000000ed700000)
 ParOldGen       total 556032K, used 425834K [0x00000000c0000000, 0x00000000e1f00000, 0x00000000eab00000)
  object space 556032K, 76% used [0x00000000c0000000,0x00000000d9fda958,0x00000000e1f00000)
 Metaspace       used 98077K, committed 99584K, reserved 1179648K
  class space    used 10062K, committed 10752K, reserved 1048576K
}
Event: 1382.618 GC heap before
{Heap before GC invocations=809 (full 33):
 PSYoungGen      total 40448K, used 36641K [0x00000000eab00000, 0x00000000ed700000, 0x0000000100000000)
  eden space 33792K, 100% used [0x00000000eab00000,0x00000000ecc00000,0x00000000ecc00000)
  from space 6656K, 42% used [0x00000000ecc00000,0x00000000ecec8600,0x00000000ed280000)
  to   space 3584K, 0% used [0x00000000ed380000,0x00000000ed380000,0x00000000ed700000)
 ParOldGen       total 556032K, used 425834K [0x00000000c0000000, 0x00000000e1f00000, 0x00000000eab00000)
  object space 556032K, 76% used [0x00000000c0000000,0x00000000d9fda958,0x00000000e1f00000)
 Metaspace       used 98099K, committed 99648K, reserved 1179648K
  class space    used 10062K, committed 10752K, reserved 1048576K
}
Event: 1382.686 GC heap after
{Heap after GC invocations=809 (full 33):
 PSYoungGen      total 32768K, used 3584K [0x00000000eab00000, 0x00000000ee880000, 0x0000000100000000)
  eden space 29184K, 0% used [0x00000000eab00000,0x00000000eab00000,0x00000000ec780000)
  from space 3584K, 100% used [0x00000000ed380000,0x00000000ed700000,0x00000000ed700000)
  to   space 12288K, 0% used [0x00000000ec780000,0x00000000ec780000,0x00000000ed380000)
 ParOldGen       total 556032K, used 432983K [0x00000000c0000000, 0x00000000e1f00000, 0x00000000eab00000)
  object space 556032K, 77% used [0x00000000c0000000,0x00000000da6d5dc0,0x00000000e1f00000)
 Metaspace       used 98099K, committed 99648K, reserved 1179648K
  class space    used 10062K, committed 10752K, reserved 1048576K
}
Event: 1382.907 GC heap before
{Heap before GC invocations=810 (full 33):
 PSYoungGen      total 32768K, used 32768K [0x00000000eab00000, 0x00000000ee880000, 0x0000000100000000)
  eden space 29184K, 100% used [0x00000000eab00000,0x00000000ec780000,0x00000000ec780000)
  from space 3584K, 100% used [0x00000000ed380000,0x00000000ed700000,0x00000000ed700000)
  to   space 12288K, 0% used [0x00000000ec780000,0x00000000ec780000,0x00000000ed380000)
 ParOldGen       total 556032K, used 432983K [0x00000000c0000000, 0x00000000e1f00000, 0x00000000eab00000)
  object space 556032K, 77% used [0x00000000c0000000,0x00000000da6d5dc0,0x00000000e1f00000)
 Metaspace       used 98123K, committed 99648K, reserved 1179648K
  class space    used 10062K, committed 10752K, reserved 1048576K
}
Event: 1382.939 GC heap after
{Heap after GC invocations=810 (full 33):
 PSYoungGen      total 33792K, used 4596K [0x00000000eab00000, 0x00000000ed900000, 0x0000000100000000)
  eden space 29184K, 0% used [0x00000000eab00000,0x00000000eab00000,0x00000000ec780000)
  from space 4608K, 99% used [0x00000000ec780000,0x00000000ecbfd220,0x00000000ecc00000)
  to   space 7168K, 0% used [0x00000000ed200000,0x00000000ed200000,0x00000000ed900000)
 ParOldGen       total 556032K, used 436599K [0x00000000c0000000, 0x00000000e1f00000, 0x00000000eab00000)
  object space 556032K, 78% used [0x00000000c0000000,0x00000000daa5ddc0,0x00000000e1f00000)
 Metaspace       used 98123K, committed 99648K, reserved 1179648K
  class space    used 10062K, committed 10752K, reserved 1048576K
}
Event: 1383.039 GC heap before
{Heap before GC invocations=811 (full 33):
 PSYoungGen      total 33792K, used 33713K [0x00000000eab00000, 0x00000000ed900000, 0x0000000100000000)
  eden space 29184K, 99% used [0x00000000eab00000,0x00000000ec76f598,0x00000000ec780000)
  from space 4608K, 99% used [0x00000000ec780000,0x00000000ecbfd220,0x00000000ecc00000)
  to   space 7168K, 0% used [0x00000000ed200000,0x00000000ed200000,0x00000000ed900000)
 ParOldGen       total 556032K, used 436599K [0x00000000c0000000, 0x00000000e1f00000, 0x00000000eab00000)
  object space 556032K, 78% used [0x00000000c0000000,0x00000000daa5ddc0,0x00000000e1f00000)
 Metaspace       used 98123K, committed 99648K, reserved 1179648K
  class space    used 10062K, committed 10752K, reserved 1048576K
}
Event: 1383.051 GC heap after
{Heap after GC invocations=811 (full 33):
 PSYoungGen      total 35328K, used 2240K [0x00000000eab00000, 0x00000000ed480000, 0x0000000100000000)
  eden space 32768K, 0% used [0x00000000eab00000,0x00000000eab00000,0x00000000ecb00000)
  from space 2560K, 87% used [0x00000000ed200000,0x00000000ed430000,0x00000000ed480000)
  to   space 3584K, 0% used [0x00000000ecd80000,0x00000000ecd80000,0x00000000ed100000)
 ParOldGen       total 556032K, used 440528K [0x00000000c0000000, 0x00000000e1f00000, 0x00000000eab00000)
  object space 556032K, 79% used [0x00000000c0000000,0x00000000dae342e8,0x00000000e1f00000)
 Metaspace       used 98123K, committed 99648K, reserved 1179648K
  class space    used 10062K, committed 10752K, reserved 1048576K
}
Event: 1383.178 GC heap before
{Heap before GC invocations=812 (full 33):
 PSYoungGen      total 35328K, used 35008K [0x00000000eab00000, 0x00000000ed480000, 0x0000000100000000)
  eden space 32768K, 100% used [0x00000000eab00000,0x00000000ecb00000,0x00000000ecb00000)
  from space 2560K, 87% used [0x00000000ed200000,0x00000000ed430000,0x00000000ed480000)
  to   space 3584K, 0% used [0x00000000ecd80000,0x00000000ecd80000,0x00000000ed100000)
 ParOldGen       total 556032K, used 440528K [0x00000000c0000000, 0x00000000e1f00000, 0x00000000eab00000)
  object space 556032K, 79% used [0x00000000c0000000,0x00000000dae342e8,0x00000000e1f00000)
 Metaspace       used 98124K, committed 99648K, reserved 1179648K
  class space    used 10062K, committed 10752K, reserved 1048576K
}
Event: 1383.187 GC heap after
{Heap after GC invocations=812 (full 33):
 PSYoungGen      total 36352K, used 864K [0x00000000eab00000, 0x00000000ed280000, 0x0000000100000000)
  eden space 35328K, 0% used [0x00000000eab00000,0x00000000eab00000,0x00000000ecd80000)
  from space 1024K, 84% used [0x00000000ecd80000,0x00000000ece58000,0x00000000ece80000)
  to   space 2048K, 0% used [0x00000000ed080000,0x00000000ed080000,0x00000000ed280000)
 ParOldGen       total 556032K, used 444096K [0x00000000c0000000, 0x00000000e1f00000, 0x00000000eab00000)
  object space 556032K, 79% used [0x00000000c0000000,0x00000000db1b02e8,0x00000000e1f00000)
 Metaspace       used 98124K, committed 99648K, reserved 1179648K
  class space    used 10062K, committed 10752K, reserved 1048576K
}
Event: 1383.759 GC heap before
{Heap before GC invocations=813 (full 33):
 PSYoungGen      total 36352K, used 36191K [0x00000000eab00000, 0x00000000ed280000, 0x0000000100000000)
  eden space 35328K, 99% used [0x00000000eab00000,0x00000000ecd7fff8,0x00000000ecd80000)
  from space 1024K, 84% used [0x00000000ecd80000,0x00000000ece58000,0x00000000ece80000)
  to   space 2048K, 0% used [0x00000000ed080000,0x00000000ed080000,0x00000000ed280000)
 ParOldGen       total 556032K, used 444096K [0x00000000c0000000, 0x00000000e1f00000, 0x00000000eab00000)
  object space 556032K, 79% used [0x00000000c0000000,0x00000000db1b02e8,0x00000000e1f00000)
 Metaspace       used 98153K, committed 99648K, reserved 1179648K
  class space    used 10062K, committed 10752K, reserved 1048576K
}
Event: 1383.832 GC heap after
{Heap after GC invocations=813 (full 33):
 PSYoungGen      total 26112K, used 2039K [0x00000000eab00000, 0x00000000eed00000, 0x0000000100000000)
  eden space 24064K, 0% used [0x00000000eab00000,0x00000000eab00000,0x00000000ec280000)
  from space 2048K, 99% used [0x00000000ed080000,0x00000000ed27de90,0x00000000ed280000)
  to   space 14336K, 0% used [0x00000000ec280000,0x00000000ec280000,0x00000000ed080000)
 ParOldGen       total 556032K, used 454380K [0x00000000c0000000, 0x00000000e1f00000, 0x00000000eab00000)
  object space 556032K, 81% used [0x00000000c0000000,0x00000000dbbbb2b0,0x00000000e1f00000)
 Metaspace       used 98153K, committed 99648K, reserved 1179648K
  class space    used 10062K, committed 10752K, reserved 1048576K
}

