# JRE version: OpenJDK Runtime Environment Temurin-17.0.10+7 (17.0.10+7) (build 17.0.10+7)
# Java VM: OpenJDK 64-Bit Server VM Temurin-17.0.10+7 (17.0.10+7, mixed mode, tiered, compressed oops, compressed class ptrs, parallel gc, windows-amd64)
GC Precious Log:
 CPUs: 2 total, 2 available
 Memory: 1851M
 Large Page Support: Disabled
 NUMA Support: Disabled
 Compressed Oops: Enabled (32-bit)
 Alignments: Space 512K, Generation 512K, Heap 2M
 Heap Min Capacity: 100M
 Heap Initial Capacity: 100M
 Heap Max Capacity: 1G
 Pre-touch: Disabled
 Parallel Workers: 2
Heap:
 PSYoungGen      total 32768K, used 30392K [0x00000000eab00000, 0x00000000ed600000, 0x0000000100000000)
  eden space 22016K, 89% used [0x00000000eab00000,0x00000000ebe33068,0x00000000ec080000)
  from space 10752K, 99% used [0x00000000ec080000,0x00000000ecafb150,0x00000000ecb00000)
  to   space 10752K, 0% used [0x00000000ecb00000,0x00000000ecb00000,0x00000000ed580000)
 ParOldGen       total 290304K, used 218239K [0x00000000c0000000, 0x00000000d1b80000, 0x00000000eab00000)
  object space 290304K, 75% used [0x00000000c0000000,0x00000000cd51fc68,0x00000000d1b80000)
 Metaspace       used 83850K, committed 85376K, reserved 1179648K
  class space    used 8625K, committed 9344K, reserved 1048576K
GC Heap History (20 events):
Event: 981.581 GC heap before
{Heap before GC invocations=313 (full 11):
 PSYoungGen      total 20480K, used 20428K [0x00000000eab00000, 0x00000000ec900000, 0x0000000100000000)
  eden space 14848K, 99% used [0x00000000eab00000,0x00000000eb97dc68,0x00000000eb980000)
  from space 5632K, 99% used [0x00000000eb980000,0x00000000ebef5558,0x00000000ebf00000)
  to   space 7168K, 0% used [0x00000000ec200000,0x00000000ec200000,0x00000000ec900000)
 ParOldGen       total 290304K, used 194189K [0x00000000c0000000, 0x00000000d1b80000, 0x00000000eab00000)
  object space 290304K, 66% used [0x00000000c0000000,0x00000000cbda3698,0x00000000d1b80000)
 Metaspace       used 83820K, committed 85312K, reserved 1179648K
  class space    used 8623K, committed 9344K, reserved 1048576K
}
Event: 981.589 GC heap after
{Heap after GC invocations=313 (full 11):
 PSYoungGen      total 22528K, used 7141K [0x00000000eab00000, 0x00000000ecb00000, 0x0000000100000000)
  eden space 15360K, 0% used [0x00000000eab00000,0x00000000eab00000,0x00000000eba00000)
  from space 7168K, 99% used [0x00000000ec200000,0x00000000ec8f9548,0x00000000ec900000)
  to   space 8192K, 0% used [0x00000000eba00000,0x00000000eba00000,0x00000000ec200000)
 ParOldGen       total 290304K, used 194733K [0x00000000c0000000, 0x00000000d1b80000, 0x00000000eab00000)
  object space 290304K, 67% used [0x00000000c0000000,0x00000000cbe2b698,0x00000000d1b80000)
 Metaspace       used 83820K, committed 85312K, reserved 1179648K
  class space    used 8623K, committed 9344K, reserved 1048576K
}
Event: 981.645 GC heap before
{Heap before GC invocations=314 (full 11):
 PSYoungGen      total 22528K, used 22501K [0x00000000eab00000, 0x00000000ecb00000, 0x0000000100000000)
  eden space 15360K, 100% used [0x00000000eab00000,0x00000000eba00000,0x00000000eba00000)
  from space 7168K, 99% used [0x00000000ec200000,0x00000000ec8f9548,0x00000000ec900000)
  to   space 8192K, 0% used [0x00000000eba00000,0x00000000eba00000,0x00000000ec200000)
 ParOldGen       total 290304K, used 194733K [0x00000000c0000000, 0x00000000d1b80000, 0x00000000eab00000)
  object space 290304K, 67% used [0x00000000c0000000,0x00000000cbe2b698,0x00000000d1b80000)
 Metaspace       used 83820K, committed 85312K, reserved 1179648K
  class space    used 8623K, committed 9344K, reserved 1048576K
}
Event: 981.654 GC heap after
{Heap after GC invocations=314 (full 11):
 PSYoungGen      total 23552K, used 8176K [0x00000000eab00000, 0x00000000ecd80000, 0x0000000100000000)
  eden space 15360K, 0% used [0x00000000eab00000,0x00000000eab00000,0x00000000eba00000)
  from space 8192K, 99% used [0x00000000eba00000,0x00000000ec1fc308,0x00000000ec200000)
  to   space 9216K, 0% used [0x00000000ec480000,0x00000000ec480000,0x00000000ecd80000)
 ParOldGen       total 290304K, used 195386K [0x00000000c0000000, 0x00000000d1b80000, 0x00000000eab00000)
  object space 290304K, 67% used [0x00000000c0000000,0x00000000cbece8f8,0x00000000d1b80000)
 Metaspace       used 83820K, committed 85312K, reserved 1179648K
  class space    used 8623K, committed 9344K, reserved 1048576K
}
Event: 981.764 GC heap before
{Heap before GC invocations=315 (full 11):
 PSYoungGen      total 23552K, used 23212K [0x00000000eab00000, 0x00000000ecd80000, 0x0000000100000000)
  eden space 15360K, 97% used [0x00000000eab00000,0x00000000eb9aefe8,0x00000000eba00000)
  from space 8192K, 99% used [0x00000000eba00000,0x00000000ec1fc308,0x00000000ec200000)
  to   space 9216K, 0% used [0x00000000ec480000,0x00000000ec480000,0x00000000ecd80000)
 ParOldGen       total 290304K, used 195386K [0x00000000c0000000, 0x00000000d1b80000, 0x00000000eab00000)
  object space 290304K, 67% used [0x00000000c0000000,0x00000000cbece8f8,0x00000000d1b80000)
 Metaspace       used 83820K, committed 85312K, reserved 1179648K
  class space    used 8623K, committed 9344K, reserved 1048576K
}
Event: 981.772 GC heap after
{Heap after GC invocations=315 (full 11):
 PSYoungGen      total 25088K, used 7840K [0x00000000eab00000, 0x00000000ecc80000, 0x0000000100000000)
  eden space 16896K, 0% used [0x00000000eab00000,0x00000000eab00000,0x00000000ebb80000)
  from space 8192K, 95% used [0x00000000ec480000,0x00000000ecc28000,0x00000000ecc80000)
  to   space 8704K, 0% used [0x00000000ebb80000,0x00000000ebb80000,0x00000000ec400000)
 ParOldGen       total 290304K, used 196095K [0x00000000c0000000, 0x00000000d1b80000, 0x00000000eab00000)
  object space 290304K, 67% used [0x00000000c0000000,0x00000000cbf7fd50,0x00000000d1b80000)
 Metaspace       used 83820K, committed 85312K, reserved 1179648K
  class space    used 8623K, committed 9344K, reserved 1048576K
}
Event: 981.829 GC heap before
{Heap before GC invocations=316 (full 11):
 PSYoungGen      total 25088K, used 24372K [0x00000000eab00000, 0x00000000ecc80000, 0x0000000100000000)
  eden space 16896K, 97% used [0x00000000eab00000,0x00000000ebb25188,0x00000000ebb80000)
  from space 8192K, 95% used [0x00000000ec480000,0x00000000ecc28000,0x00000000ecc80000)
  to   space 8704K, 0% used [0x00000000ebb80000,0x00000000ebb80000,0x00000000ec400000)
 ParOldGen       total 290304K, used 196095K [0x00000000c0000000, 0x00000000d1b80000, 0x00000000eab00000)
  object space 290304K, 67% used [0x00000000c0000000,0x00000000cbf7fd50,0x00000000d1b80000)
 Metaspace       used 83820K, committed 85312K, reserved 1179648K
  class space    used 8623K, committed 9344K, reserved 1048576K
}
Event: 981.836 GC heap after
{Heap after GC invocations=316 (full 11):
 PSYoungGen      total 25600K, used 8096K [0x00000000eab00000, 0x00000000ecd80000, 0x0000000100000000)
  eden space 16896K, 0% used [0x00000000eab00000,0x00000000eab00000,0x00000000ebb80000)
  from space 8704K, 93% used [0x00000000ebb80000,0x00000000ec368000,0x00000000ec400000)
  to   space 8192K, 0% used [0x00000000ec580000,0x00000000ec580000,0x00000000ecd80000)
 ParOldGen       total 290304K, used 196095K [0x00000000c0000000, 0x00000000d1b80000, 0x00000000eab00000)
  object space 290304K, 67% used [0x00000000c0000000,0x00000000cbf7fd50,0x00000000d1b80000)
 Metaspace       used 83820K, committed 85312K, reserved 1179648K
  class space    used 8623K, committed 9344K, reserved 1048576K
}
Event: 981.891 GC heap before
{Heap before GC invocations=317 (full 11):
 PSYoungGen      total 25600K, used 24670K [0x00000000eab00000, 0x00000000ecd80000, 0x0000000100000000)
  eden space 16896K, 98% used [0x00000000eab00000,0x00000000ebb2f848,0x00000000ebb80000)
  from space 8704K, 93% used [0x00000000ebb80000,0x00000000ec368000,0x00000000ec400000)
  to   space 8192K, 0% used [0x00000000ec580000,0x00000000ec580000,0x00000000ecd80000)
 ParOldGen       total 290304K, used 196095K [0x00000000c0000000, 0x00000000d1b80000, 0x00000000eab00000)
  object space 290304K, 67% used [0x00000000c0000000,0x00000000cbf7fd50,0x00000000d1b80000)
 Metaspace       used 83820K, committed 85312K, reserved 1179648K
  class space    used 8623K, committed 9344K, reserved 1048576K
}
Event: 981.899 GC heap after
{Heap after GC invocations=317 (full 11):
 PSYoungGen      total 26624K, used 8192K [0x00000000eab00000, 0x00000000ece80000, 0x0000000100000000)
  eden space 18432K, 0% used [0x00000000eab00000,0x00000000eab00000,0x00000000ebd00000)
  from space 8192K, 100% used [0x00000000ec580000,0x00000000ecd80000,0x00000000ecd80000)
  to   space 8704K, 0% used [0x00000000ebd00000,0x00000000ebd00000,0x00000000ec580000)
 ParOldGen       total 290304K, used 196319K [0x00000000c0000000, 0x00000000d1b80000, 0x00000000eab00000)
  object space 290304K, 67% used [0x00000000c0000000,0x00000000cbfb7d50,0x00000000d1b80000)
 Metaspace       used 83820K, committed 85312K, reserved 1179648K
  class space    used 8623K, committed 9344K, reserved 1048576K
}
Event: 981.944 GC heap before
{Heap before GC invocations=318 (full 11):
 PSYoungGen      total 26624K, used 26624K [0x00000000eab00000, 0x00000000ece80000, 0x0000000100000000)
  eden space 18432K, 100% used [0x00000000eab00000,0x00000000ebd00000,0x00000000ebd00000)
  from space 8192K, 100% used [0x00000000ec580000,0x00000000ecd80000,0x00000000ecd80000)
  to   space 8704K, 0% used [0x00000000ebd00000,0x00000000ebd00000,0x00000000ec580000)
 ParOldGen       total 290304K, used 196319K [0x00000000c0000000, 0x00000000d1b80000, 0x00000000eab00000)
  object space 290304K, 67% used [0x00000000c0000000,0x00000000cbfb7d50,0x00000000d1b80000)
 Metaspace       used 83820K, committed 85312K, reserved 1179648K
  class space    used 8623K, committed 9344K, reserved 1048576K
}
Event: 981.956 GC heap after
{Heap after GC invocations=318 (full 11):
 PSYoungGen      total 27136K, used 8702K [0x00000000eab00000, 0x00000000ed700000, 0x0000000100000000)
  eden space 18432K, 0% used [0x00000000eab00000,0x00000000eab00000,0x00000000ebd00000)
  from space 8704K, 99% used [0x00000000ebd00000,0x00000000ec57fa58,0x00000000ec580000)
  to   space 12288K, 0% used [0x00000000ecb00000,0x00000000ecb00000,0x00000000ed700000)
 ParOldGen       total 290304K, used 198991K [0x00000000c0000000, 0x00000000d1b80000, 0x00000000eab00000)
  object space 290304K, 68% used [0x00000000c0000000,0x00000000cc253d50,0x00000000d1b80000)
 Metaspace       used 83820K, committed 85312K, reserved 1179648K
  class space    used 8623K, committed 9344K, reserved 1048576K
}
Event: 982.019 GC heap before
{Heap before GC invocations=319 (full 11):
 PSYoungGen      total 27136K, used 26803K [0x00000000eab00000, 0x00000000ed700000, 0x0000000100000000)
  eden space 18432K, 98% used [0x00000000eab00000,0x00000000ebcad1e0,0x00000000ebd00000)
  from space 8704K, 99% used [0x00000000ebd00000,0x00000000ec57fa58,0x00000000ec580000)
  to   space 12288K, 0% used [0x00000000ecb00000,0x00000000ecb00000,0x00000000ed700000)
 ParOldGen       total 290304K, used 198991K [0x00000000c0000000, 0x00000000d1b80000, 0x00000000eab00000)
  object space 290304K, 68% used [0x00000000c0000000,0x00000000cc253d50,0x00000000d1b80000)
 Metaspace       used 83820K, committed 85312K, reserved 1179648K
  class space    used 8623K, committed 9344K, reserved 1048576K
}
Event: 982.034 GC heap after
{Heap after GC invocations=319 (full 11):
 PSYoungGen      total 31232K, used 10659K [0x00000000eab00000, 0x00000000ed580000, 0x0000000100000000)
  eden space 20480K, 0% used [0x00000000eab00000,0x00000000eab00000,0x00000000ebf00000)
  from space 10752K, 99% used [0x00000000ecb00000,0x00000000ed568f40,0x00000000ed580000)
  to   space 11264K, 0% used [0x00000000ebf80000,0x00000000ebf80000,0x00000000eca80000)
 ParOldGen       total 290304K, used 199279K [0x00000000c0000000, 0x00000000d1b80000, 0x00000000eab00000)
  object space 290304K, 68% used [0x00000000c0000000,0x00000000cc29bd50,0x00000000d1b80000)
 Metaspace       used 83820K, committed 85312K, reserved 1179648K
  class space    used 8623K, committed 9344K, reserved 1048576K
}
Event: 982.391 GC heap before
{Heap before GC invocations=320 (full 11):
 PSYoungGen      total 31232K, used 30857K [0x00000000eab00000, 0x00000000ed580000, 0x0000000100000000)
  eden space 20480K, 98% used [0x00000000eab00000,0x00000000ebeb94f8,0x00000000ebf00000)
  from space 10752K, 99% used [0x00000000ecb00000,0x00000000ed568f40,0x00000000ed580000)
  to   space 11264K, 0% used [0x00000000ebf80000,0x00000000ebf80000,0x00000000eca80000)
 ParOldGen       total 290304K, used 199279K [0x00000000c0000000, 0x00000000d1b80000, 0x00000000eab00000)
  object space 290304K, 68% used [0x00000000c0000000,0x00000000cc29bd50,0x00000000d1b80000)
 Metaspace       used 83822K, committed 85312K, reserved 1179648K
  class space    used 8623K, committed 9344K, reserved 1048576K
}
Event: 982.406 GC heap after
{Heap after GC invocations=320 (full 11):
 PSYoungGen      total 31744K, used 11235K [0x00000000eab00000, 0x00000000ed580000, 0x0000000100000000)
  eden space 20480K, 0% used [0x00000000eab00000,0x00000000eab00000,0x00000000ebf00000)
  from space 11264K, 99% used [0x00000000ebf80000,0x00000000eca78f40,0x00000000eca80000)
  to   space 10752K, 0% used [0x00000000ecb00000,0x00000000ecb00000,0x00000000ed580000)
 ParOldGen       total 290304K, used 200984K [0x00000000c0000000, 0x00000000d1b80000, 0x00000000eab00000)
  object space 290304K, 69% used [0x00000000c0000000,0x00000000cc4460b8,0x00000000d1b80000)
 Metaspace       used 83822K, committed 85312K, reserved 1179648K
  class space    used 8623K, committed 9344K, reserved 1048576K
}
Event: 982.559 GC heap before
{Heap before GC invocations=321 (full 11):
 PSYoungGen      total 31744K, used 31542K [0x00000000eab00000, 0x00000000ed580000, 0x0000000100000000)
  eden space 20480K, 99% used [0x00000000eab00000,0x00000000ebed4ac0,0x00000000ebf00000)
  from space 11264K, 99% used [0x00000000ebf80000,0x00000000eca78f40,0x00000000eca80000)
  to   space 10752K, 0% used [0x00000000ecb00000,0x00000000ecb00000,0x00000000ed580000)
 ParOldGen       total 290304K, used 200984K [0x00000000c0000000, 0x00000000d1b80000, 0x00000000eab00000)
  object space 290304K, 69% used [0x00000000c0000000,0x00000000cc4460b8,0x00000000d1b80000)
 Metaspace       used 83826K, committed 85312K, reserved 1179648K
  class space    used 8623K, committed 9344K, reserved 1048576K
}
Event: 982.575 GC heap after
{Heap after GC invocations=321 (full 11):
 PSYoungGen      total 32768K, used 9288K [0x00000000eab00000, 0x00000000ed600000, 0x0000000100000000)
  eden space 22016K, 0% used [0x00000000eab00000,0x00000000eab00000,0x00000000ec080000)
  from space 10752K, 86% used [0x00000000ecb00000,0x00000000ed412160,0x00000000ed580000)
  to   space 10752K, 0% used [0x00000000ec080000,0x00000000ec080000,0x00000000ecb00000)
 ParOldGen       total 290304K, used 203369K [0x00000000c0000000, 0x00000000d1b80000, 0x00000000eab00000)
  object space 290304K, 70% used [0x00000000c0000000,0x00000000cc69a628,0x00000000d1b80000)
 Metaspace       used 83826K, committed 85312K, reserved 1179648K
  class space    used 8623K, committed 9344K, reserved 1048576K
}
Event: 982.703 GC heap before
{Heap before GC invocations=322 (full 11):
 PSYoungGen      total 32768K, used 31304K [0x00000000eab00000, 0x00000000ed600000, 0x0000000100000000)
  eden space 22016K, 100% used [0x00000000eab00000,0x00000000ec080000,0x00000000ec080000)
  from space 10752K, 86% used [0x00000000ecb00000,0x00000000ed412160,0x00000000ed580000)
  to   space 10752K, 0% used [0x00000000ec080000,0x00000000ec080000,0x00000000ecb00000)
 ParOldGen       total 290304K, used 203369K [0x00000000c0000000, 0x00000000d1b80000, 0x00000000eab00000)
  object space 290304K, 70% used [0x00000000c0000000,0x00000000cc69a628,0x00000000d1b80000)
 Metaspace       used 83840K, committed 85376K, reserved 1179648K
  class space    used 8623K, committed 9344K, reserved 1048576K
}
Event: 982.719 GC heap after
{Heap after GC invocations=322 (full 11):
 PSYoungGen      total 32768K, used 10732K [0x00000000eab00000, 0x00000000ed600000, 0x0000000100000000)
  eden space 22016K, 0% used [0x00000000eab00000,0x00000000eab00000,0x00000000ec080000)
  from space 10752K, 99% used [0x00000000ec080000,0x00000000ecafb150,0x00000000ecb00000)
  to   space 10752K, 0% used [0x00000000ecb00000,0x00000000ecb00000,0x00000000ed580000)
 ParOldGen       total 290304K, used 206719K [0x00000000c0000000, 0x00000000d1b80000, 0x00000000eab00000)
  object space 290304K, 71% used [0x00000000c0000000,0x00000000cc9dfc58,0x00000000d1b80000)
 Metaspace       used 83840K, committed 85376K, reserved 1179648K
  class space    used 8623K, committed 9344K, reserved 1048576K
}

