# JRE version: OpenJDK Runtime Environment Temurin-17.0.10+7 (17.0.10+7) (build 17.0.10+7)
# Java VM: OpenJDK 64-Bit Server VM Temurin-17.0.10+7 (17.0.10+7, mixed mode, tiered, compressed oops, compressed class ptrs, parallel gc, windows-amd64)
GC Precious Log:
 CPUs: 2 total, 2 available
 Memory: 1851M
 Large Page Support: Disabled
 NUMA Support: Disabled
 Compressed Oops: Enabled (32-bit)
 Alignments: Space 512K, Generation 512K, Heap 2M
 Heap Min Capacity: 100M
 Heap Initial Capacity: 100M
 Heap Max Capacity: 1G
 Pre-touch: Disabled
 Parallel Workers: 2
Heap:
 PSYoungGen      total 43520K, used 36915K [0x00000000eab00000, 0x00000000edb80000, 0x0000000100000000)
  eden space 39424K, 83% used [0x00000000eab00000,0x00000000ecb4c168,0x00000000ed180000)
  from space 4096K, 93% used [0x00000000ed780000,0x00000000edb40e10,0x00000000edb80000)
  to   space 4608K, 0% used [0x00000000ed280000,0x00000000ed280000,0x00000000ed700000)
 ParOldGen       total 468992K, used 313493K [0x00000000c0000000, 0x00000000dca00000, 0x00000000eab00000)
  object space 468992K, 66% used [0x00000000c0000000,0x00000000d3225670,0x00000000dca00000)
 Metaspace       used 92359K, committed 93760K, reserved 1179648K
  class space    used 9041K, committed 9664K, reserved 1048576K
GC Heap History (20 events):
Event: 2124.319 GC heap before
{Heap before GC invocations=3342 (full 96):
 PSYoungGen      total 25600K, used 25443K [0x00000000eab00000, 0x00000000ecb00000, 0x0000000100000000)
  eden space 20480K, 100% used [0x00000000eab00000,0x00000000ebf00000,0x00000000ebf00000)
  from space 5120K, 96% used [0x00000000ec400000,0x00000000ec8d8f18,0x00000000ec900000)
  to   space 5120K, 0% used [0x00000000ebf00000,0x00000000ebf00000,0x00000000ec400000)
 ParOldGen       total 375296K, used 355033K [0x00000000c0000000, 0x00000000d6e80000, 0x00000000eab00000)
  object space 375296K, 94% used [0x00000000c0000000,0x00000000d5ab6710,0x00000000d6e80000)
 Metaspace       used 92356K, committed 93760K, reserved 1179648K
  class space    used 9041K, committed 9664K, reserved 1048576K
}
Event: 2124.355 GC heap after
{Heap after GC invocations=3342 (full 96):
 PSYoungGen      total 25600K, used 5089K [0x00000000eab00000, 0x00000000ed900000, 0x0000000100000000)
  eden space 20480K, 0% used [0x00000000eab00000,0x00000000eab00000,0x00000000ebf00000)
  from space 5120K, 99% used [0x00000000ebf00000,0x00000000ec3f8538,0x00000000ec400000)
  to   space 11776K, 0% used [0x00000000ecd80000,0x00000000ecd80000,0x00000000ed900000)
 ParOldGen       total 375296K, used 360606K [0x00000000c0000000, 0x00000000d6e80000, 0x00000000eab00000)
  object space 375296K, 96% used [0x00000000c0000000,0x00000000d6027aa8,0x00000000d6e80000)
 Metaspace       used 92356K, committed 93760K, reserved 1179648K
  class space    used 9041K, committed 9664K, reserved 1048576K
}
Event: 2124.488 GC heap before
{Heap before GC invocations=3343 (full 96):
 PSYoungGen      total 25600K, used 25569K [0x00000000eab00000, 0x00000000ed900000, 0x0000000100000000)
  eden space 20480K, 100% used [0x00000000eab00000,0x00000000ebf00000,0x00000000ebf00000)
  from space 5120K, 99% used [0x00000000ebf00000,0x00000000ec3f8538,0x00000000ec400000)
  to   space 11776K, 0% used [0x00000000ecd80000,0x00000000ecd80000,0x00000000ed900000)
 ParOldGen       total 375296K, used 360606K [0x00000000c0000000, 0x00000000d6e80000, 0x00000000eab00000)
  object space 375296K, 96% used [0x00000000c0000000,0x00000000d6027aa8,0x00000000d6e80000)
 Metaspace       used 92356K, committed 93760K, reserved 1179648K
  class space    used 9041K, committed 9664K, reserved 1048576K
}
Event: 2124.516 GC heap after
{Heap after GC invocations=3343 (full 96):
 PSYoungGen      total 26112K, used 2504K [0x00000000eab00000, 0x00000000ed000000, 0x0000000100000000)
  eden space 23552K, 0% used [0x00000000eab00000,0x00000000eab00000,0x00000000ec200000)
  from space 2560K, 97% used [0x00000000ecd80000,0x00000000ecff2248,0x00000000ed000000)
  to   space 5632K, 0% used [0x00000000ec500000,0x00000000ec500000,0x00000000eca80000)
 ParOldGen       total 375296K, used 365611K [0x00000000c0000000, 0x00000000d6e80000, 0x00000000eab00000)
  object space 375296K, 97% used [0x00000000c0000000,0x00000000d650ad10,0x00000000d6e80000)
 Metaspace       used 92356K, committed 93760K, reserved 1179648K
  class space    used 9041K, committed 9664K, reserved 1048576K
}
Event: 2124.672 GC heap before
{Heap before GC invocations=3344 (full 96):
 PSYoungGen      total 26112K, used 26013K [0x00000000eab00000, 0x00000000ed000000, 0x0000000100000000)
  eden space 23552K, 99% used [0x00000000eab00000,0x00000000ec1f5418,0x00000000ec200000)
  from space 2560K, 97% used [0x00000000ecd80000,0x00000000ecff2248,0x00000000ed000000)
  to   space 5632K, 0% used [0x00000000ec500000,0x00000000ec500000,0x00000000eca80000)
 ParOldGen       total 375296K, used 365611K [0x00000000c0000000, 0x00000000d6e80000, 0x00000000eab00000)
  object space 375296K, 97% used [0x00000000c0000000,0x00000000d650ad10,0x00000000d6e80000)
 Metaspace       used 92356K, committed 93760K, reserved 1179648K
  class space    used 9041K, committed 9664K, reserved 1048576K
}
Event: 2124.690 GC heap after
{Heap after GC invocations=3344 (full 96):
 PSYoungGen      total 32256K, used 832K [0x00000000eab00000, 0x00000000ece00000, 0x0000000100000000)
  eden space 26624K, 0% used [0x00000000eab00000,0x00000000eab00000,0x00000000ec500000)
  from space 5632K, 14% used [0x00000000ec500000,0x00000000ec5d0000,0x00000000eca80000)
  to   space 2048K, 0% used [0x00000000ecc00000,0x00000000ecc00000,0x00000000ece00000)
 ParOldGen       total 375296K, used 368002K [0x00000000c0000000, 0x00000000d6e80000, 0x00000000eab00000)
  object space 375296K, 98% used [0x00000000c0000000,0x00000000d6760a90,0x00000000d6e80000)
 Metaspace       used 92356K, committed 93760K, reserved 1179648K
  class space    used 9041K, committed 9664K, reserved 1048576K
}
Event: 2124.952 GC heap before
{Heap before GC invocations=3345 (full 96):
 PSYoungGen      total 32256K, used 27456K [0x00000000eab00000, 0x00000000ece00000, 0x0000000100000000)
  eden space 26624K, 100% used [0x00000000eab00000,0x00000000ec500000,0x00000000ec500000)
  from space 5632K, 14% used [0x00000000ec500000,0x00000000ec5d0000,0x00000000eca80000)
  to   space 2048K, 0% used [0x00000000ecc00000,0x00000000ecc00000,0x00000000ece00000)
 ParOldGen       total 375296K, used 368002K [0x00000000c0000000, 0x00000000d6e80000, 0x00000000eab00000)
  object space 375296K, 98% used [0x00000000c0000000,0x00000000d6760a90,0x00000000d6e80000)
 Metaspace       used 92356K, committed 93760K, reserved 1179648K
  class space    used 9041K, committed 9664K, reserved 1048576K
}
Event: 2124.970 GC heap after
{Heap after GC invocations=3345 (full 96):
 PSYoungGen      total 31232K, used 928K [0x00000000eab00000, 0x00000000ecd00000, 0x0000000100000000)
  eden space 30208K, 0% used [0x00000000eab00000,0x00000000eab00000,0x00000000ec880000)
  from space 1024K, 90% used [0x00000000ecc00000,0x00000000ecce8000,0x00000000ecd00000)
  to   space 1536K, 0% used [0x00000000eca00000,0x00000000eca00000,0x00000000ecb80000)
 ParOldGen       total 375296K, used 368826K [0x00000000c0000000, 0x00000000d6e80000, 0x00000000eab00000)
  object space 375296K, 98% used [0x00000000c0000000,0x00000000d682ea90,0x00000000d6e80000)
 Metaspace       used 92356K, committed 93760K, reserved 1179648K
  class space    used 9041K, committed 9664K, reserved 1048576K
}
Event: 2125.296 GC heap before
{Heap before GC invocations=3346 (full 96):
 PSYoungGen      total 31232K, used 31136K [0x00000000eab00000, 0x00000000ecd00000, 0x0000000100000000)
  eden space 30208K, 100% used [0x00000000eab00000,0x00000000ec880000,0x00000000ec880000)
  from space 1024K, 90% used [0x00000000ecc00000,0x00000000ecce8000,0x00000000ecd00000)
  to   space 1536K, 0% used [0x00000000eca00000,0x00000000eca00000,0x00000000ecb80000)
 ParOldGen       total 375296K, used 368826K [0x00000000c0000000, 0x00000000d6e80000, 0x00000000eab00000)
  object space 375296K, 98% used [0x00000000c0000000,0x00000000d682ea90,0x00000000d6e80000)
 Metaspace       used 92356K, committed 93760K, reserved 1179648K
  class space    used 9041K, committed 9664K, reserved 1048576K
}
Event: 2125.305 GC heap after
{Heap after GC invocations=3346 (full 96):
 PSYoungGen      total 33280K, used 1120K [0x00000000eab00000, 0x00000000ecf00000, 0x0000000100000000)
  eden space 31744K, 0% used [0x00000000eab00000,0x00000000eab00000,0x00000000eca00000)
  from space 1536K, 72% used [0x00000000eca00000,0x00000000ecb18000,0x00000000ecb80000)
  to   space 1536K, 0% used [0x00000000ecd80000,0x00000000ecd80000,0x00000000ecf00000)
 ParOldGen       total 375296K, used 369738K [0x00000000c0000000, 0x00000000d6e80000, 0x00000000eab00000)
  object space 375296K, 98% used [0x00000000c0000000,0x00000000d6912a90,0x00000000d6e80000)
 Metaspace       used 92356K, committed 93760K, reserved 1179648K
  class space    used 9041K, committed 9664K, reserved 1048576K
}
Event: 2125.477 GC heap before
{Heap before GC invocations=3347 (full 96):
 PSYoungGen      total 33280K, used 29391K [0x00000000eab00000, 0x00000000ecf00000, 0x0000000100000000)
  eden space 31744K, 89% used [0x00000000eab00000,0x00000000ec69bd08,0x00000000eca00000)
  from space 1536K, 72% used [0x00000000eca00000,0x00000000ecb18000,0x00000000ecb80000)
  to   space 1536K, 0% used [0x00000000ecd80000,0x00000000ecd80000,0x00000000ecf00000)
 ParOldGen       total 375296K, used 369738K [0x00000000c0000000, 0x00000000d6e80000, 0x00000000eab00000)
  object space 375296K, 98% used [0x00000000c0000000,0x00000000d6912a90,0x00000000d6e80000)
 Metaspace       used 92356K, committed 93760K, reserved 1179648K
  class space    used 9041K, committed 9664K, reserved 1048576K
}
Event: 2125.488 GC heap after
{Heap after GC invocations=3347 (full 96):
 PSYoungGen      total 35328K, used 1312K [0x00000000eab00000, 0x00000000ed080000, 0x0000000100000000)
  eden space 33792K, 0% used [0x00000000eab00000,0x00000000eab00000,0x00000000ecc00000)
  from space 1536K, 85% used [0x00000000ecd80000,0x00000000ecec8000,0x00000000ecf00000)
  to   space 1536K, 0% used [0x00000000ecc00000,0x00000000ecc00000,0x00000000ecd80000)
 ParOldGen       total 375296K, used 370858K [0x00000000c0000000, 0x00000000d6e80000, 0x00000000eab00000)
  object space 375296K, 98% used [0x00000000c0000000,0x00000000d6a2aa90,0x00000000d6e80000)
 Metaspace       used 92356K, committed 93760K, reserved 1179648K
  class space    used 9041K, committed 9664K, reserved 1048576K
}
Event: 2125.907 GC heap before
{Heap before GC invocations=3348 (full 96):
 PSYoungGen      total 35328K, used 35104K [0x00000000eab00000, 0x00000000ed080000, 0x0000000100000000)
  eden space 33792K, 100% used [0x00000000eab00000,0x00000000ecc00000,0x00000000ecc00000)
  from space 1536K, 85% used [0x00000000ecd80000,0x00000000ecec8000,0x00000000ecf00000)
  to   space 1536K, 0% used [0x00000000ecc00000,0x00000000ecc00000,0x00000000ecd80000)
 ParOldGen       total 375296K, used 370858K [0x00000000c0000000, 0x00000000d6e80000, 0x00000000eab00000)
  object space 375296K, 98% used [0x00000000c0000000,0x00000000d6a2aa90,0x00000000d6e80000)
 Metaspace       used 92358K, committed 93760K, reserved 1179648K
  class space    used 9041K, committed 9664K, reserved 1048576K
}
Event: 2125.939 GC heap after
{Heap after GC invocations=3348 (full 96):
 PSYoungGen      total 35328K, used 1536K [0x00000000eab00000, 0x00000000edf80000, 0x0000000100000000)
  eden space 33792K, 0% used [0x00000000eab00000,0x00000000eab00000,0x00000000ecc00000)
  from space 1536K, 100% used [0x00000000ecc00000,0x00000000ecd80000,0x00000000ecd80000)
  to   space 8192K, 0% used [0x00000000ed780000,0x00000000ed780000,0x00000000edf80000)
 ParOldGen       total 379904K, used 376346K [0x00000000c0000000, 0x00000000d7300000, 0x00000000eab00000)
  object space 379904K, 99% used [0x00000000c0000000,0x00000000d6f86aa0,0x00000000d7300000)
 Metaspace       used 92358K, committed 93760K, reserved 1179648K
  class space    used 9041K, committed 9664K, reserved 1048576K
}
Event: 2125.939 GC heap before
{Heap before GC invocations=3349 (full 97):
 PSYoungGen      total 35328K, used 1536K [0x00000000eab00000, 0x00000000edf80000, 0x0000000100000000)
  eden space 33792K, 0% used [0x00000000eab00000,0x00000000eab00000,0x00000000ecc00000)
  from space 1536K, 100% used [0x00000000ecc00000,0x00000000ecd80000,0x00000000ecd80000)
  to   space 8192K, 0% used [0x00000000ed780000,0x00000000ed780000,0x00000000edf80000)
 ParOldGen       total 379904K, used 376346K [0x00000000c0000000, 0x00000000d7300000, 0x00000000eab00000)
  object space 379904K, 99% used [0x00000000c0000000,0x00000000d6f86aa0,0x00000000d7300000)
 Metaspace       used 92358K, committed 93760K, reserved 1179648K
  class space    used 9041K, committed 9664K, reserved 1048576K
}
Event: 2128.830 GC heap after
{Heap after GC invocations=3349 (full 97):
 PSYoungGen      total 44544K, used 0K [0x00000000eab00000, 0x00000000edf00000, 0x0000000100000000)
  eden space 36864K, 0% used [0x00000000eab00000,0x00000000eab00000,0x00000000ecf00000)
  from space 7680K, 0% used [0x00000000ed780000,0x00000000ed780000,0x00000000edf00000)
  to   space 8192K, 0% used [0x00000000ecf00000,0x00000000ecf00000,0x00000000ed700000)
 ParOldGen       total 468992K, used 313493K [0x00000000c0000000, 0x00000000dca00000, 0x00000000eab00000)
  object space 468992K, 66% used [0x00000000c0000000,0x00000000d3225670,0x00000000dca00000)
 Metaspace       used 92358K, committed 93760K, reserved 1179648K
  class space    used 9041K, committed 9664K, reserved 1048576K
}
Event: 2130.335 GC heap before
{Heap before GC invocations=3350 (full 97):
 PSYoungGen      total 44544K, used 36864K [0x00000000eab00000, 0x00000000edf00000, 0x0000000100000000)
  eden space 36864K, 100% used [0x00000000eab00000,0x00000000ecf00000,0x00000000ecf00000)
  from space 7680K, 0% used [0x00000000ed780000,0x00000000ed780000,0x00000000edf00000)
  to   space 8192K, 0% used [0x00000000ecf00000,0x00000000ecf00000,0x00000000ed700000)
 ParOldGen       total 468992K, used 313493K [0x00000000c0000000, 0x00000000dca00000, 0x00000000eab00000)
  object space 468992K, 66% used [0x00000000c0000000,0x00000000d3225670,0x00000000dca00000)
 Metaspace       used 92358K, committed 93760K, reserved 1179648K
  class space    used 9041K, committed 9664K, reserved 1048576K
}
Event: 2130.346 GC heap after
{Heap after GC invocations=3350 (full 97):
 PSYoungGen      total 45056K, used 5387K [0x00000000eab00000, 0x00000000edd80000, 0x0000000100000000)
  eden space 36864K, 0% used [0x00000000eab00000,0x00000000eab00000,0x00000000ecf00000)
  from space 8192K, 65% used [0x00000000ecf00000,0x00000000ed442f68,0x00000000ed700000)
  to   space 6144K, 0% used [0x00000000ed780000,0x00000000ed780000,0x00000000edd80000)
 ParOldGen       total 468992K, used 313493K [0x00000000c0000000, 0x00000000dca00000, 0x00000000eab00000)
  object space 468992K, 66% used [0x00000000c0000000,0x00000000d3225670,0x00000000dca00000)
 Metaspace       used 92358K, committed 93760K, reserved 1179648K
  class space    used 9041K, committed 9664K, reserved 1048576K
}
Event: 2130.736 GC heap before
{Heap before GC invocations=3351 (full 97):
 PSYoungGen      total 45056K, used 42251K [0x00000000eab00000, 0x00000000edd80000, 0x0000000100000000)
  eden space 36864K, 100% used [0x00000000eab00000,0x00000000ecf00000,0x00000000ecf00000)
  from space 8192K, 65% used [0x00000000ecf00000,0x00000000ed442f68,0x00000000ed700000)
  to   space 6144K, 0% used [0x00000000ed780000,0x00000000ed780000,0x00000000edd80000)
 ParOldGen       total 468992K, used 313493K [0x00000000c0000000, 0x00000000dca00000, 0x00000000eab00000)
  object space 468992K, 66% used [0x00000000c0000000,0x00000000d3225670,0x00000000dca00000)
 Metaspace       used 92358K, committed 93760K, reserved 1179648K
  class space    used 9041K, committed 9664K, reserved 1048576K
}
Event: 2130.748 GC heap after
{Heap after GC invocations=3351 (full 97):
 PSYoungGen      total 43520K, used 3843K [0x00000000eab00000, 0x00000000edb80000, 0x0000000100000000)
  eden space 39424K, 0% used [0x00000000eab00000,0x00000000eab00000,0x00000000ed180000)
  from space 4096K, 93% used [0x00000000ed780000,0x00000000edb40e10,0x00000000edb80000)
  to   space 4608K, 0% used [0x00000000ed280000,0x00000000ed280000,0x00000000ed700000)
 ParOldGen       total 468992K, used 313493K [0x00000000c0000000, 0x00000000dca00000, 0x00000000eab00000)
  object space 468992K, 66% used [0x00000000c0000000,0x00000000d3225670,0x00000000dca00000)
 Metaspace       used 92358K, committed 93760K, reserved 1179648K
  class space    used 9041K, committed 9664K, reserved 1048576K
}

