# JRE version: Java(TM) SE Runtime Environment (21.0.2+13) (build 21.0.2+13-LTS-58)
# Java VM: Java HotSpot(TM) 64-Bit Server VM (21.0.2+13-LTS-58, mixed mode, sharing, tiered, compressed oops, compressed class ptrs, g1 gc, windows-amd64)
GC Precious Log:
 CardTable entry size: 512
 Card Set container configuration: InlinePtr #cards 5 size 8 Array Of Cards #cards 12 size 40 Howl #buckets 4 coarsen threshold 1843 Howl Bitmap #cards 512 size 80 coarsen threshold 460 Card regions per heap region 1 cards per card region 2048
 CPUs: 2 total, 2 available
 Memory: 1851M
 Large Page Support: Disabled
 NUMA Support: Disabled
 Compressed Oops: Enabled (32-bit)
 Heap Region Size: 1M
 Heap Min Capacity: 8M
 Heap Initial Capacity: 30M
 Heap Max Capacity: 464M
 Pre-touch: Disabled
 Parallel Workers: 2
 Concurrent Workers: 1
 Concurrent Refinement Workers: 2
 Periodic GC: Disabled
Heap:
 garbage-first heap   total 78848K, used 33666K [0x00000000e3000000, 0x0000000100000000)
  region size 1024K, 18 young (18432K), 1 survivors (1024K)
 Metaspace       used 35662K, committed 36160K, reserved 1114112K
  class space    used 4310K, committed 4544K, reserved 1048576K
GC Heap History (20 events):
Event: 951.859 GC heap after
{Heap after GC invocations=17 (full 0):
 garbage-first heap   total 32768K, used 16542K [0x00000000e3000000, 0x0000000100000000)
  region size 1024K, 1 young (1024K), 1 survivors (1024K)
 Metaspace       used 34336K, committed 34944K, reserved 1114112K
  class space    used 4271K, committed 4544K, reserved 1048576K
}
Event: 952.313 GC heap before
{Heap before GC invocations=17 (full 0):
 garbage-first heap   total 32768K, used 16542K [0x00000000e3000000, 0x0000000100000000)
  region size 1024K, 2 young (2048K), 1 survivors (1024K)
 Metaspace       used 34408K, committed 35008K, reserved 1114112K
  class space    used 4280K, committed 4544K, reserved 1048576K
}
Event: 952.742 GC heap after
{Heap after GC invocations=18 (full 1):
 garbage-first heap   total 32768K, used 11643K [0x00000000e3000000, 0x0000000100000000)
  region size 1024K, 0 young (0K), 0 survivors (0K)
 Metaspace       used 34132K, committed 35008K, reserved 1114112K
  class space    used 4205K, committed 4544K, reserved 1048576K
}
Event: 958.804 GC heap before
{Heap before GC invocations=18 (full 1):
 garbage-first heap   total 32768K, used 25979K [0x00000000e3000000, 0x0000000100000000)
  region size 1024K, 15 young (15360K), 0 survivors (0K)
 Metaspace       used 34404K, committed 35136K, reserved 1114112K
  class space    used 4216K, committed 4544K, reserved 1048576K
}
Event: 958.824 GC heap after
{Heap after GC invocations=19 (full 1):
 garbage-first heap   total 32768K, used 13451K [0x00000000e3000000, 0x0000000100000000)
  region size 1024K, 2 young (2048K), 2 survivors (2048K)
 Metaspace       used 34404K, committed 35136K, reserved 1114112K
  class space    used 4216K, committed 4544K, reserved 1048576K
}
Event: 975.010 GC heap before
{Heap before GC invocations=19 (full 1):
 garbage-first heap   total 32768K, used 26763K [0x00000000e3000000, 0x0000000100000000)
  region size 1024K, 15 young (15360K), 2 survivors (2048K)
 Metaspace       used 34856K, committed 35456K, reserved 1114112K
  class space    used 4254K, committed 4544K, reserved 1048576K
}
Event: 975.160 GC heap after
{Heap after GC invocations=20 (full 1):
 garbage-first heap   total 32768K, used 15296K [0x00000000e3000000, 0x0000000100000000)
  region size 1024K, 2 young (2048K), 2 survivors (2048K)
 Metaspace       used 34856K, committed 35456K, reserved 1114112K
  class space    used 4254K, committed 4544K, reserved 1048576K
}
Event: 977.054 GC heap before
{Heap before GC invocations=20 (full 1):
 garbage-first heap   total 32768K, used 15296K [0x00000000e3000000, 0x0000000100000000)
  region size 1024K, 3 young (3072K), 2 survivors (2048K)
 Metaspace       used 34861K, committed 35456K, reserved 1114112K
  class space    used 4254K, committed 4544K, reserved 1048576K
}
Event: 977.643 GC heap after
{Heap after GC invocations=21 (full 2):
 garbage-first heap   total 32768K, used 13119K [0x00000000e3000000, 0x0000000100000000)
  region size 1024K, 0 young (0K), 0 survivors (0K)
 Metaspace       used 34807K, committed 35456K, reserved 1114112K
  class space    used 4241K, committed 4544K, reserved 1048576K
}
Event: 981.546 GC heap before
{Heap before GC invocations=21 (full 2):
 garbage-first heap   total 32768K, used 25407K [0x00000000e3000000, 0x0000000100000000)
  region size 1024K, 13 young (13312K), 0 survivors (0K)
 Metaspace       used 34896K, committed 35520K, reserved 1114112K
  class space    used 4243K, committed 4544K, reserved 1048576K
}
Event: 981.556 GC heap after
{Heap after GC invocations=22 (full 2):
 garbage-first heap   total 32768K, used 14522K [0x00000000e3000000, 0x0000000100000000)
  region size 1024K, 2 young (2048K), 2 survivors (2048K)
 Metaspace       used 34896K, committed 35520K, reserved 1114112K
  class space    used 4243K, committed 4544K, reserved 1048576K
}
Event: 994.123 GC heap before
{Heap before GC invocations=22 (full 2):
 garbage-first heap   total 32768K, used 26810K [0x00000000e3000000, 0x0000000100000000)
  region size 1024K, 14 young (14336K), 2 survivors (2048K)
 Metaspace       used 35299K, committed 35840K, reserved 1114112K
  class space    used 4299K, committed 4544K, reserved 1048576K
}
Event: 994.145 GC heap after
{Heap after GC invocations=23 (full 2):
 garbage-first heap   total 32768K, used 14532K [0x00000000e3000000, 0x0000000100000000)
  region size 1024K, 2 young (2048K), 2 survivors (2048K)
 Metaspace       used 35299K, committed 35840K, reserved 1114112K
  class space    used 4299K, committed 4544K, reserved 1048576K
}
Event: 994.964 GC heap before
{Heap before GC invocations=23 (full 2):
 garbage-first heap   total 32768K, used 25796K [0x00000000e3000000, 0x0000000100000000)
  region size 1024K, 13 young (13312K), 2 survivors (2048K)
 Metaspace       used 35380K, committed 35968K, reserved 1114112K
  class space    used 4301K, committed 4544K, reserved 1048576K
}
Event: 994.973 GC heap after
{Heap after GC invocations=24 (full 2):
 garbage-first heap   total 32768K, used 15503K [0x00000000e3000000, 0x0000000100000000)
  region size 1024K, 2 young (2048K), 2 survivors (2048K)
 Metaspace       used 35380K, committed 35968K, reserved 1114112K
  class space    used 4301K, committed 4544K, reserved 1048576K
}
Event: 1030.123 GC heap before
{Heap before GC invocations=24 (full 2):
 garbage-first heap   total 32768K, used 25743K [0x00000000e3000000, 0x0000000100000000)
  region size 1024K, 12 young (12288K), 2 survivors (2048K)
 Metaspace       used 35493K, committed 36032K, reserved 1114112K
  class space    used 4307K, committed 4544K, reserved 1048576K
}
Event: 1030.167 GC heap after
{Heap after GC invocations=25 (full 2):
 garbage-first heap   total 32768K, used 17174K [0x00000000e3000000, 0x0000000100000000)
  region size 1024K, 2 young (2048K), 2 survivors (2048K)
 Metaspace       used 35493K, committed 36032K, reserved 1114112K
  class space    used 4307K, committed 4544K, reserved 1048576K
}
Event: 1031.901 GC heap before
{Heap before GC invocations=26 (full 2):
 garbage-first heap   total 32768K, used 25366K [0x00000000e3000000, 0x0000000100000000)
  region size 1024K, 11 young (11264K), 2 survivors (2048K)
 Metaspace       used 35546K, committed 36096K, reserved 1114112K
  class space    used 4308K, committed 4544K, reserved 1048576K
}
Event: 1031.913 GC heap after
{Heap after GC invocations=27 (full 2):
 garbage-first heap   total 78848K, used 17282K [0x00000000e3000000, 0x0000000100000000)
  region size 1024K, 1 young (1024K), 1 survivors (1024K)
 Metaspace       used 35546K, committed 36096K, reserved 1114112K
  class space    used 4308K, committed 4544K, reserved 1048576K
}
Event: 1272.223 GC heap before
{Heap before GC invocations=27 (full 2):
 garbage-first heap   total 78848K, used 33666K [0x00000000e3000000, 0x0000000100000000)
  region size 1024K, 18 young (18432K), 1 survivors (1024K)
 Metaspace       used 35662K, committed 36160K, reserved 1114112K
  class space    used 4310K, committed 4544K, reserved 1048576K
}

