# JRE version: OpenJDK Runtime Environment Temurin-17.0.10+7 (17.0.10+7) (build 17.0.10+7)
# Java VM: OpenJDK 64-Bit Server VM Temurin-17.0.10+7 (17.0.10+7, mixed mode, tiered, compressed oops, compressed class ptrs, parallel gc, windows-amd64)
GC Precious Log:
 CPUs: 2 total, 2 available
 Memory: 1851M
 Large Page Support: Disabled
 NUMA Support: Disabled
 Compressed Oops: Enabled (32-bit)
 Alignments: Space 512K, Generation 512K, Heap 2M
 Heap Min Capacity: 100M
 Heap Initial Capacity: 100M
 Heap Max Capacity: 1G
 Pre-touch: Disabled
 Parallel Workers: 2
Heap:
 PSYoungGen      total 30208K, used 28232K [0x00000000eab00000, 0x00000000ecd00000, 0x0000000100000000)
  eden space 29184K, 94% used [0x00000000eab00000,0x00000000ec5d9aa0,0x00000000ec780000)
  from space 1024K, 72% used [0x00000000ecc00000,0x00000000eccb8738,0x00000000ecd00000)
  to   space 1024K, 0% used [0x00000000ecb00000,0x00000000ecb00000,0x00000000ecc00000)
 ParOldGen       total 443392K, used 327368K [0x00000000c0000000, 0x00000000db100000, 0x00000000eab00000)
  object space 443392K, 73% used [0x00000000c0000000,0x00000000d3fb2000,0x00000000db100000)
 Metaspace       used 103986K, committed 105536K, reserved 1179648K
  class space    used 10584K, committed 11264K, reserved 1048576K
GC Heap History (20 events):
Event: 3738.261 GC heap before
{Heap before GC invocations=3123 (full 58):
 PSYoungGen      total 18432K, used 17928K [0x00000000eab00000, 0x00000000ec200000, 0x0000000100000000)
  eden space 14848K, 100% used [0x00000000eab00000,0x00000000eb980000,0x00000000eb980000)
  from space 3584K, 85% used [0x00000000ebe80000,0x00000000ec182000,0x00000000ec200000)
  to   space 3584K, 0% used [0x00000000ebb00000,0x00000000ebb00000,0x00000000ebe80000)
 ParOldGen       total 443392K, used 295717K [0x00000000c0000000, 0x00000000db100000, 0x00000000eab00000)
  object space 443392K, 66% used [0x00000000c0000000,0x00000000d20c9668,0x00000000db100000)
 Metaspace       used 103918K, committed 105472K, reserved 1179648K
  class space    used 10584K, committed 11264K, reserved 1048576K
}
Event: 3738.314 GC heap after
{Heap after GC invocations=3123 (full 58):
 PSYoungGen      total 19968K, used 3561K [0x00000000eab00000, 0x00000000ecc80000, 0x0000000100000000)
  eden space 16384K, 0% used [0x00000000eab00000,0x00000000eab00000,0x00000000ebb00000)
  from space 3584K, 99% used [0x00000000ebb00000,0x00000000ebe7a728,0x00000000ebe80000)
  to   space 8192K, 0% used [0x00000000ec480000,0x00000000ec480000,0x00000000ecc80000)
 ParOldGen       total 443392K, used 299177K [0x00000000c0000000, 0x00000000db100000, 0x00000000eab00000)
  object space 443392K, 67% used [0x00000000c0000000,0x00000000d242a6a0,0x00000000db100000)
 Metaspace       used 103918K, committed 105472K, reserved 1179648K
  class space    used 10584K, committed 11264K, reserved 1048576K
}
Event: 3738.495 GC heap before
{Heap before GC invocations=3124 (full 58):
 PSYoungGen      total 19968K, used 19945K [0x00000000eab00000, 0x00000000ecc80000, 0x0000000100000000)
  eden space 16384K, 100% used [0x00000000eab00000,0x00000000ebb00000,0x00000000ebb00000)
  from space 3584K, 99% used [0x00000000ebb00000,0x00000000ebe7a728,0x00000000ebe80000)
  to   space 8192K, 0% used [0x00000000ec480000,0x00000000ec480000,0x00000000ecc80000)
 ParOldGen       total 443392K, used 299177K [0x00000000c0000000, 0x00000000db100000, 0x00000000eab00000)
  object space 443392K, 67% used [0x00000000c0000000,0x00000000d242a6a0,0x00000000db100000)
 Metaspace       used 103918K, committed 105472K, reserved 1179648K
  class space    used 10584K, committed 11264K, reserved 1048576K
}
Event: 3738.546 GC heap after
{Heap after GC invocations=3124 (full 58):
 PSYoungGen      total 25088K, used 4444K [0x00000000eab00000, 0x00000000ec980000, 0x0000000100000000)
  eden space 19968K, 0% used [0x00000000eab00000,0x00000000eab00000,0x00000000ebe80000)
  from space 5120K, 86% used [0x00000000ec480000,0x00000000ec8d7268,0x00000000ec980000)
  to   space 5632K, 0% used [0x00000000ebe80000,0x00000000ebe80000,0x00000000ec400000)
 ParOldGen       total 443392K, used 302780K [0x00000000c0000000, 0x00000000db100000, 0x00000000eab00000)
  object space 443392K, 68% used [0x00000000c0000000,0x00000000d27af080,0x00000000db100000)
 Metaspace       used 103918K, committed 105472K, reserved 1179648K
  class space    used 10584K, committed 11264K, reserved 1048576K
}
Event: 3738.796 GC heap before
{Heap before GC invocations=3125 (full 58):
 PSYoungGen      total 25088K, used 24412K [0x00000000eab00000, 0x00000000ec980000, 0x0000000100000000)
  eden space 19968K, 100% used [0x00000000eab00000,0x00000000ebe80000,0x00000000ebe80000)
  from space 5120K, 86% used [0x00000000ec480000,0x00000000ec8d7268,0x00000000ec980000)
  to   space 5632K, 0% used [0x00000000ebe80000,0x00000000ebe80000,0x00000000ec400000)
 ParOldGen       total 443392K, used 302780K [0x00000000c0000000, 0x00000000db100000, 0x00000000eab00000)
  object space 443392K, 68% used [0x00000000c0000000,0x00000000d27af080,0x00000000db100000)
 Metaspace       used 103918K, committed 105472K, reserved 1179648K
  class space    used 10584K, committed 11264K, reserved 1048576K
}
Event: 3738.860 GC heap after
{Heap after GC invocations=3125 (full 58):
 PSYoungGen      total 25600K, used 5081K [0x00000000eab00000, 0x00000000ecd00000, 0x0000000100000000)
  eden space 19968K, 0% used [0x00000000eab00000,0x00000000eab00000,0x00000000ebe80000)
  from space 5632K, 90% used [0x00000000ebe80000,0x00000000ec3764a8,0x00000000ec400000)
  to   space 5632K, 0% used [0x00000000ec780000,0x00000000ec780000,0x00000000ecd00000)
 ParOldGen       total 443392K, used 307058K [0x00000000c0000000, 0x00000000db100000, 0x00000000eab00000)
  object space 443392K, 69% used [0x00000000c0000000,0x00000000d2bdcb98,0x00000000db100000)
 Metaspace       used 103918K, committed 105472K, reserved 1179648K
  class space    used 10584K, committed 11264K, reserved 1048576K
}
Event: 3739.087 GC heap before
{Heap before GC invocations=3126 (full 58):
 PSYoungGen      total 25600K, used 25049K [0x00000000eab00000, 0x00000000ecd00000, 0x0000000100000000)
  eden space 19968K, 100% used [0x00000000eab00000,0x00000000ebe80000,0x00000000ebe80000)
  from space 5632K, 90% used [0x00000000ebe80000,0x00000000ec3764a8,0x00000000ec400000)
  to   space 5632K, 0% used [0x00000000ec780000,0x00000000ec780000,0x00000000ecd00000)
 ParOldGen       total 443392K, used 307058K [0x00000000c0000000, 0x00000000db100000, 0x00000000eab00000)
  object space 443392K, 69% used [0x00000000c0000000,0x00000000d2bdcb98,0x00000000db100000)
 Metaspace       used 103918K, committed 105472K, reserved 1179648K
  class space    used 10584K, committed 11264K, reserved 1048576K
}
Event: 3739.169 GC heap after
{Heap after GC invocations=3126 (full 58):
 PSYoungGen      total 29184K, used 5420K [0x00000000eab00000, 0x00000000ecd80000, 0x0000000100000000)
  eden space 23552K, 0% used [0x00000000eab00000,0x00000000eab00000,0x00000000ec200000)
  from space 5632K, 96% used [0x00000000ec780000,0x00000000ecccb100,0x00000000ecd00000)
  to   space 5632K, 0% used [0x00000000ec200000,0x00000000ec200000,0x00000000ec780000)
 ParOldGen       total 443392K, used 312142K [0x00000000c0000000, 0x00000000db100000, 0x00000000eab00000)
  object space 443392K, 70% used [0x00000000c0000000,0x00000000d30d3bc8,0x00000000db100000)
 Metaspace       used 103918K, committed 105472K, reserved 1179648K
  class space    used 10584K, committed 11264K, reserved 1048576K
}
Event: 3739.605 GC heap before
{Heap before GC invocations=3127 (full 58):
 PSYoungGen      total 29184K, used 28972K [0x00000000eab00000, 0x00000000ecd80000, 0x0000000100000000)
  eden space 23552K, 100% used [0x00000000eab00000,0x00000000ec200000,0x00000000ec200000)
  from space 5632K, 96% used [0x00000000ec780000,0x00000000ecccb100,0x00000000ecd00000)
  to   space 5632K, 0% used [0x00000000ec200000,0x00000000ec200000,0x00000000ec780000)
 ParOldGen       total 443392K, used 312142K [0x00000000c0000000, 0x00000000db100000, 0x00000000eab00000)
  object space 443392K, 70% used [0x00000000c0000000,0x00000000d30d3bc8,0x00000000db100000)
 Metaspace       used 103918K, committed 105472K, reserved 1179648K
  class space    used 10584K, committed 11264K, reserved 1048576K
}
Event: 3739.679 GC heap after
{Heap after GC invocations=3127 (full 58):
 PSYoungGen      total 29184K, used 5066K [0x00000000eab00000, 0x00000000ed180000, 0x0000000100000000)
  eden space 23552K, 0% used [0x00000000eab00000,0x00000000eab00000,0x00000000ec200000)
  from space 5632K, 89% used [0x00000000ec200000,0x00000000ec6f2b08,0x00000000ec780000)
  to   space 5632K, 0% used [0x00000000ecc00000,0x00000000ecc00000,0x00000000ed180000)
 ParOldGen       total 443392K, used 317520K [0x00000000c0000000, 0x00000000db100000, 0x00000000eab00000)
  object space 443392K, 71% used [0x00000000c0000000,0x00000000d36142c8,0x00000000db100000)
 Metaspace       used 103918K, committed 105472K, reserved 1179648K
  class space    used 10584K, committed 11264K, reserved 1048576K
}
Event: 3739.939 GC heap before
{Heap before GC invocations=3128 (full 58):
 PSYoungGen      total 29184K, used 28618K [0x00000000eab00000, 0x00000000ed180000, 0x0000000100000000)
  eden space 23552K, 100% used [0x00000000eab00000,0x00000000ec200000,0x00000000ec200000)
  from space 5632K, 89% used [0x00000000ec200000,0x00000000ec6f2b08,0x00000000ec780000)
  to   space 5632K, 0% used [0x00000000ecc00000,0x00000000ecc00000,0x00000000ed180000)
 ParOldGen       total 443392K, used 317520K [0x00000000c0000000, 0x00000000db100000, 0x00000000eab00000)
  object space 443392K, 71% used [0x00000000c0000000,0x00000000d36142c8,0x00000000db100000)
 Metaspace       used 103918K, committed 105472K, reserved 1179648K
  class space    used 10584K, committed 11264K, reserved 1048576K
}
Event: 3740.000 GC heap after
{Heap after GC invocations=3128 (full 58):
 PSYoungGen      total 29696K, used 1248K [0x00000000eab00000, 0x00000000ecd80000, 0x0000000100000000)
  eden space 28160K, 0% used [0x00000000eab00000,0x00000000eab00000,0x00000000ec680000)
  from space 1536K, 81% used [0x00000000ecc00000,0x00000000ecd38000,0x00000000ecd80000)
  to   space 3072K, 0% used [0x00000000ec780000,0x00000000ec780000,0x00000000eca80000)
 ParOldGen       total 443392K, used 322521K [0x00000000c0000000, 0x00000000db100000, 0x00000000eab00000)
  object space 443392K, 72% used [0x00000000c0000000,0x00000000d3af65b8,0x00000000db100000)
 Metaspace       used 103918K, committed 105472K, reserved 1179648K
  class space    used 10584K, committed 11264K, reserved 1048576K
}
Event: 3740.408 GC heap before
{Heap before GC invocations=3129 (full 58):
 PSYoungGen      total 29696K, used 29408K [0x00000000eab00000, 0x00000000ecd80000, 0x0000000100000000)
  eden space 28160K, 100% used [0x00000000eab00000,0x00000000ec680000,0x00000000ec680000)
  from space 1536K, 81% used [0x00000000ecc00000,0x00000000ecd38000,0x00000000ecd80000)
  to   space 3072K, 0% used [0x00000000ec780000,0x00000000ec780000,0x00000000eca80000)
 ParOldGen       total 443392K, used 322521K [0x00000000c0000000, 0x00000000db100000, 0x00000000eab00000)
  object space 443392K, 72% used [0x00000000c0000000,0x00000000d3af65b8,0x00000000db100000)
 Metaspace       used 103918K, committed 105472K, reserved 1179648K
  class space    used 10584K, committed 11264K, reserved 1048576K
}
Event: 3740.430 GC heap after
{Heap after GC invocations=3129 (full 58):
 PSYoungGen      total 32256K, used 1724K [0x00000000eab00000, 0x00000000ecf80000, 0x0000000100000000)
  eden space 29184K, 0% used [0x00000000eab00000,0x00000000eab00000,0x00000000ec780000)
  from space 3072K, 56% used [0x00000000ec780000,0x00000000ec92f030,0x00000000eca80000)
  to   space 2048K, 0% used [0x00000000ecd80000,0x00000000ecd80000,0x00000000ecf80000)
 ParOldGen       total 443392K, used 323753K [0x00000000c0000000, 0x00000000db100000, 0x00000000eab00000)
  object space 443392K, 73% used [0x00000000c0000000,0x00000000d3c2a478,0x00000000db100000)
 Metaspace       used 103918K, committed 105472K, reserved 1179648K
  class space    used 10584K, committed 11264K, reserved 1048576K
}
Event: 3741.778 GC heap before
{Heap before GC invocations=3130 (full 58):
 PSYoungGen      total 32256K, used 30908K [0x00000000eab00000, 0x00000000ecf80000, 0x0000000100000000)
  eden space 29184K, 100% used [0x00000000eab00000,0x00000000ec780000,0x00000000ec780000)
  from space 3072K, 56% used [0x00000000ec780000,0x00000000ec92f030,0x00000000eca80000)
  to   space 2048K, 0% used [0x00000000ecd80000,0x00000000ecd80000,0x00000000ecf80000)
 ParOldGen       total 443392K, used 323753K [0x00000000c0000000, 0x00000000db100000, 0x00000000eab00000)
  object space 443392K, 73% used [0x00000000c0000000,0x00000000d3c2a478,0x00000000db100000)
 Metaspace       used 103926K, committed 105536K, reserved 1179648K
  class space    used 10584K, committed 11264K, reserved 1048576K
}
Event: 3741.815 GC heap after
{Heap after GC invocations=3130 (full 58):
 PSYoungGen      total 31232K, used 2046K [0x00000000eab00000, 0x00000000ed080000, 0x0000000100000000)
  eden space 29184K, 0% used [0x00000000eab00000,0x00000000eab00000,0x00000000ec780000)
  from space 2048K, 99% used [0x00000000ecd80000,0x00000000ecf7fb50,0x00000000ecf80000)
  to   space 4608K, 0% used [0x00000000ec780000,0x00000000ec780000,0x00000000ecc00000)
 ParOldGen       total 443392K, used 325476K [0x00000000c0000000, 0x00000000db100000, 0x00000000eab00000)
  object space 443392K, 73% used [0x00000000c0000000,0x00000000d3dd9100,0x00000000db100000)
 Metaspace       used 103926K, committed 105536K, reserved 1179648K
  class space    used 10584K, committed 11264K, reserved 1048576K
}
Event: 3751.848 GC heap before
{Heap before GC invocations=3131 (full 58):
 PSYoungGen      total 31232K, used 31230K [0x00000000eab00000, 0x00000000ed080000, 0x0000000100000000)
  eden space 29184K, 100% used [0x00000000eab00000,0x00000000ec780000,0x00000000ec780000)
  from space 2048K, 99% used [0x00000000ecd80000,0x00000000ecf7fb50,0x00000000ecf80000)
  to   space 4608K, 0% used [0x00000000ec780000,0x00000000ec780000,0x00000000ecc00000)
 ParOldGen       total 443392K, used 325476K [0x00000000c0000000, 0x00000000db100000, 0x00000000eab00000)
  object space 443392K, 73% used [0x00000000c0000000,0x00000000d3dd9100,0x00000000db100000)
 Metaspace       used 103934K, committed 105536K, reserved 1179648K
  class space    used 10584K, committed 11264K, reserved 1048576K
}
Event: 3752.191 GC heap after
{Heap after GC invocations=3131 (full 58):
 PSYoungGen      total 33792K, used 916K [0x00000000eab00000, 0x00000000ece00000, 0x0000000100000000)
  eden space 29184K, 0% used [0x00000000eab00000,0x00000000eab00000,0x00000000ec780000)
  from space 4608K, 19% used [0x00000000ec780000,0x00000000ec865220,0x00000000ecc00000)
  to   space 2048K, 0% used [0x00000000ecc00000,0x00000000ecc00000,0x00000000ece00000)
 ParOldGen       total 443392K, used 326720K [0x00000000c0000000, 0x00000000db100000, 0x00000000eab00000)
  object space 443392K, 73% used [0x00000000c0000000,0x00000000d3f10000,0x00000000db100000)
 Metaspace       used 103934K, committed 105536K, reserved 1179648K
  class space    used 10584K, committed 11264K, reserved 1048576K
}
Event: 3764.071 GC heap before
{Heap before GC invocations=3132 (full 58):
 PSYoungGen      total 33792K, used 30035K [0x00000000eab00000, 0x00000000ece00000, 0x0000000100000000)
  eden space 29184K, 99% used [0x00000000eab00000,0x00000000ec76fad0,0x00000000ec780000)
  from space 4608K, 19% used [0x00000000ec780000,0x00000000ec865220,0x00000000ecc00000)
  to   space 2048K, 0% used [0x00000000ecc00000,0x00000000ecc00000,0x00000000ece00000)
 ParOldGen       total 443392K, used 326720K [0x00000000c0000000, 0x00000000db100000, 0x00000000eab00000)
  object space 443392K, 73% used [0x00000000c0000000,0x00000000d3f10000,0x00000000db100000)
 Metaspace       used 103974K, committed 105536K, reserved 1179648K
  class space    used 10584K, committed 11264K, reserved 1048576K
}
Event: 3764.261 GC heap after
{Heap after GC invocations=3132 (full 58):
 PSYoungGen      total 30208K, used 737K [0x00000000eab00000, 0x00000000ecd00000, 0x0000000100000000)
  eden space 29184K, 0% used [0x00000000eab00000,0x00000000eab00000,0x00000000ec780000)
  from space 1024K, 72% used [0x00000000ecc00000,0x00000000eccb8738,0x00000000ecd00000)
  to   space 1024K, 0% used [0x00000000ecb00000,0x00000000ecb00000,0x00000000ecc00000)
 ParOldGen       total 443392K, used 327368K [0x00000000c0000000, 0x00000000db100000, 0x00000000eab00000)
  object space 443392K, 73% used [0x00000000c0000000,0x00000000d3fb2000,0x00000000db100000)
 Metaspace       used 103974K, committed 105536K, reserved 1179648K
  class space    used 10584K, committed 11264K, reserved 1048576K
}

